<?xml version="1.0" encoding="UTF-8"?>
<robot generator="Robot 6.1.1 (Python 3.13.5 on linux)" generated="20251117 11:45:29.740" rpa="false" schemaversion="4">
<suite id="s1" name="Tests" source="/home/aliisa/Courses/teka3003_ohjelmistotuotanto/ohtupalautus/osa3/login-robot/src/tests">
<suite id="s1-s1" name="Login" source="/home/aliisa/Courses/teka3003_ohjelmistotuotanto/ohtupalautus/osa3/login-robot/src/tests/login.robot">
<test id="s1-s1-t1" name="Login With Correct Credentials" line="6">
<kw name="Create User And Input Login Command" type="SETUP">
<kw name="Create User" library="AppLibrary">
<arg>kalle</arg>
<arg>kalle123</arg>
<status status="PASS" starttime="20251117 11:45:29.754" endtime="20251117 11:45:29.754"/>
</kw>
<kw name="Input Login Command" library="resource">
<kw name="Input" library="AppLibrary">
<arg>login</arg>
<status status="PASS" starttime="20251117 11:45:29.754" endtime="20251117 11:45:29.754"/>
</kw>
<status status="PASS" starttime="20251117 11:45:29.754" endtime="20251117 11:45:29.754"/>
</kw>
<status status="PASS" starttime="20251117 11:45:29.754" endtime="20251117 11:45:29.754"/>
</kw>
<kw name="Input Credentials" library="resource">
<arg>kalle</arg>
<arg>kalle123</arg>
<kw name="Input" library="AppLibrary">
<arg>${username}</arg>
<status status="PASS" starttime="20251117 11:45:29.754" endtime="20251117 11:45:29.755"/>
</kw>
<kw name="Input" library="AppLibrary">
<arg>${password}</arg>
<status status="PASS" starttime="20251117 11:45:29.755" endtime="20251117 11:45:29.755"/>
</kw>
<kw name="Run Application" library="AppLibrary">
<status status="PASS" starttime="20251117 11:45:29.755" endtime="20251117 11:45:29.755"/>
</kw>
<status status="PASS" starttime="20251117 11:45:29.754" endtime="20251117 11:45:29.755"/>
</kw>
<kw name="Output Should Contain" library="AppLibrary">
<arg>Logged in</arg>
<status status="PASS" starttime="20251117 11:45:29.755" endtime="20251117 11:45:29.755"/>
</kw>
<status status="PASS" starttime="20251117 11:45:29.754" endtime="20251117 11:45:29.755"/>
</test>
<test id="s1-s1-t2" name="Login With Incorrect Password" line="10">
<kw name="Create User And Input Login Command" type="SETUP">
<kw name="Create User" library="AppLibrary">
<arg>kalle</arg>
<arg>kalle123</arg>
<status status="PASS" starttime="20251117 11:45:29.755" endtime="20251117 11:45:29.755"/>
</kw>
<kw name="Input Login Command" library="resource">
<kw name="Input" library="AppLibrary">
<arg>login</arg>
<status status="PASS" starttime="20251117 11:45:29.755" endtime="20251117 11:45:29.755"/>
</kw>
<status status="PASS" starttime="20251117 11:45:29.755" endtime="20251117 11:45:29.755"/>
</kw>
<status status="PASS" starttime="20251117 11:45:29.755" endtime="20251117 11:45:29.755"/>
</kw>
<kw name="Input Credentials" library="resource">
<arg>kalle</arg>
<arg>kalle</arg>
<kw name="Input" library="AppLibrary">
<arg>${username}</arg>
<status status="PASS" starttime="20251117 11:45:29.756" endtime="20251117 11:45:29.756"/>
</kw>
<kw name="Input" library="AppLibrary">
<arg>${password}</arg>
<status status="PASS" starttime="20251117 11:45:29.756" endtime="20251117 11:45:29.756"/>
</kw>
<kw name="Run Application" library="AppLibrary">
<status status="PASS" starttime="20251117 11:45:29.756" endtime="20251117 11:45:29.756"/>
</kw>
<status status="PASS" starttime="20251117 11:45:29.755" endtime="20251117 11:45:29.756"/>
</kw>
<kw name="Output Should Contain" library="AppLibrary">
<arg>Invalid username or password</arg>
<status status="PASS" starttime="20251117 11:45:29.756" endtime="20251117 11:45:29.756"/>
</kw>
<status status="PASS" starttime="20251117 11:45:29.755" endtime="20251117 11:45:29.756"/>
</test>
<test id="s1-s1-t3" name="Login With Nonexistent Username" line="14">
<kw name="Create User And Input Login Command" type="SETUP">
<kw name="Create User" library="AppLibrary">
<arg>kalle</arg>
<arg>kalle123</arg>
<status status="PASS" starttime="20251117 11:45:29.756" endtime="20251117 11:45:29.756"/>
</kw>
<kw name="Input Login Command" library="resource">
<kw name="Input" library="AppLibrary">
<arg>login</arg>
<status status="PASS" starttime="20251117 11:45:29.756" endtime="20251117 11:45:29.756"/>
</kw>
<status status="PASS" starttime="20251117 11:45:29.756" endtime="20251117 11:45:29.756"/>
</kw>
<status status="PASS" starttime="20251117 11:45:29.756" endtime="20251117 11:45:29.756"/>
</kw>
<kw name="Input Credentials" library="resource">
<arg>testi</arg>
<arg>test</arg>
<kw name="Input" library="AppLibrary">
<arg>${username}</arg>
<status status="PASS" starttime="20251117 11:45:29.757" endtime="20251117 11:45:29.757"/>
</kw>
<kw name="Input" library="AppLibrary">
<arg>${password}</arg>
<status status="PASS" starttime="20251117 11:45:29.757" endtime="20251117 11:45:29.757"/>
</kw>
<kw name="Run Application" library="AppLibrary">
<status status="PASS" starttime="20251117 11:45:29.757" endtime="20251117 11:45:29.757"/>
</kw>
<status status="PASS" starttime="20251117 11:45:29.756" endtime="20251117 11:45:29.757"/>
</kw>
<kw name="Output Should Contain" library="AppLibrary">
<arg>Invalid username or password</arg>
<status status="PASS" starttime="20251117 11:45:29.757" endtime="20251117 11:45:29.757"/>
</kw>
<status status="PASS" starttime="20251117 11:45:29.756" endtime="20251117 11:45:29.757"/>
</test>
<status status="PASS" starttime="20251117 11:45:29.751" endtime="20251117 11:45:29.757"/>
</suite>
<suite id="s1-s2" name="Register" source="/home/aliisa/Courses/teka3003_ohjelmistotuotanto/ohtupalautus/osa3/login-robot/src/tests/register.robot">
<test id="s1-s2-t1" name="Register With Valid Username And Password" line="10">
<kw name="Input Credentials" library="resource">
<arg>kalle</arg>
<arg>kalle</arg>
<kw name="Input" library="AppLibrary">
<arg>${username}</arg>
<status status="PASS" starttime="20251117 11:45:29.758" endtime="20251117 11:45:29.759"/>
</kw>
<kw name="Input" library="AppLibrary">
<arg>${password}</arg>
<status status="PASS" starttime="20251117 11:45:29.759" endtime="20251117 11:45:29.759"/>
</kw>
<kw name="Run Application" library="AppLibrary">
<status status="PASS" starttime="20251117 11:45:29.759" endtime="20251117 11:45:29.759"/>
</kw>
<status status="PASS" starttime="20251117 11:45:29.758" endtime="20251117 11:45:29.759"/>
</kw>
<kw name="Output Should Contain" library="AppLibrary">
<arg>New user registered</arg>
<status status="PASS" starttime="20251117 11:45:29.759" endtime="20251117 11:45:29.759"/>
</kw>
<status status="PASS" starttime="20251117 11:45:29.758" endtime="20251117 11:45:29.759"/>
</test>
<test id="s1-s2-t2" name="Register With Already Taken Username And Valid Password" line="14">
<kw name="Input Credentials" library="resource">
<arg>kalle</arg>
<arg>kalle</arg>
<kw name="Input" library="AppLibrary">
<arg>${username}</arg>
<status status="PASS" starttime="20251117 11:45:29.759" endtime="20251117 11:45:29.759"/>
</kw>
<kw name="Input" library="AppLibrary">
<arg>${password}</arg>
<status status="PASS" starttime="20251117 11:45:29.759" endtime="20251117 11:45:29.759"/>
</kw>
<kw name="Run Application" library="AppLibrary">
<status status="PASS" starttime="20251117 11:45:29.759" endtime="20251117 11:45:29.759"/>
</kw>
<status status="PASS" starttime="20251117 11:45:29.759" endtime="20251117 11:45:29.759"/>
</kw>
<kw name="Input" library="AppLibrary">
<arg>New Command</arg>
<status status="PASS" starttime="20251117 11:45:29.759" endtime="20251117 11:45:29.759"/>
</kw>
<kw name="Input Credentials" library="resource">
<arg>kalle</arg>
<arg>jgjrlgr</arg>
<kw name="Input" library="AppLibrary">
<arg>${username}</arg>
<status status="PASS" starttime="20251117 11:45:29.760" endtime="20251117 11:45:29.760"/>
</kw>
<kw name="Input" library="AppLibrary">
<arg>${password}</arg>
<status status="PASS" starttime="20251117 11:45:29.760" endtime="20251117 11:45:29.760"/>
</kw>
<kw name="Run Application" library="AppLibrary">
<status status="PASS" starttime="20251117 11:45:29.760" endtime="20251117 11:45:29.760"/>
</kw>
<status status="PASS" starttime="20251117 11:45:29.759" endtime="20251117 11:45:29.760"/>
</kw>
<kw name="Output Should Contain" library="AppLibrary">
<arg>User with username kalle already exists</arg>
<status status="PASS" starttime="20251117 11:45:29.760" endtime="20251117 11:45:29.760"/>
</kw>
<status status="PASS" starttime="20251117 11:45:29.759" endtime="20251117 11:45:29.760"/>
</test>
<test id="s1-s2-t3" name="Register With Too Short Username And Valid Password" line="20">
<kw name="Input Credentials" library="resource">
<arg>ka</arg>
<arg>kalleyippee</arg>
<kw name="Input" library="AppLibrary">
<arg>${username}</arg>
<status status="PASS" starttime="20251117 11:45:29.760" endtime="20251117 11:45:29.760"/>
</kw>
<kw name="Input" library="AppLibrary">
<arg>${password}</arg>
<status status="PASS" starttime="20251117 11:45:29.760" endtime="20251117 11:45:29.760"/>
</kw>
<kw name="Run Application" library="AppLibrary">
<status status="PASS" starttime="20251117 11:45:29.760" endtime="20251117 11:45:29.760"/>
</kw>
<status status="PASS" starttime="20251117 11:45:29.760" endtime="20251117 11:45:29.760"/>
</kw>
<kw name="Output Should Contain" library="AppLibrary">
<arg>Username is too short</arg>
<status status="PASS" starttime="20251117 11:45:29.760" endtime="20251117 11:45:29.761"/>
</kw>
<status status="PASS" starttime="20251117 11:45:29.760" endtime="20251117 11:45:29.761"/>
</test>
<test id="s1-s2-t4" name="Register With Enough Long But Invalid Username And Valid Password" line="24">
<kw name="Input Credentials" library="resource">
<arg>kalle wow</arg>
<arg>tyjgelkge</arg>
<kw name="Input" library="AppLibrary">
<arg>${username}</arg>
<status status="PASS" starttime="20251117 11:45:29.761" endtime="20251117 11:45:29.761"/>
</kw>
<kw name="Input" library="AppLibrary">
<arg>${password}</arg>
<status status="PASS" starttime="20251117 11:45:29.761" endtime="20251117 11:45:29.761"/>
</kw>
<kw name="Run Application" library="AppLibrary">
<status status="PASS" starttime="20251117 11:45:29.761" endtime="20251117 11:45:29.761"/>
</kw>
<status status="PASS" starttime="20251117 11:45:29.761" endtime="20251117 11:45:29.761"/>
</kw>
<kw name="Output Should Contain" library="AppLibrary">
<arg>Password needs to include numbers</arg>
<status status="PASS" starttime="20251117 11:45:29.761" endtime="20251117 11:45:29.761"/>
</kw>
<status status="PASS" starttime="20251117 11:45:29.761" endtime="20251117 11:45:29.761"/>
</test>
<test id="s1-s2-t5" name="Register With Valid Username And Too Short Password" line="28">
<kw name="Input Credentials" library="resource">
<arg>kalle</arg>
<arg>ty</arg>
<kw name="Input" library="AppLibrary">
<arg>${username}</arg>
<status status="PASS" starttime="20251117 11:45:29.762" endtime="20251117 11:45:29.762"/>
</kw>
<kw name="Input" library="AppLibrary">
<arg>${password}</arg>
<status status="PASS" starttime="20251117 11:45:29.762" endtime="20251117 11:45:29.762"/>
</kw>
<kw name="Run Application" library="AppLibrary">
<status status="PASS" starttime="20251117 11:45:29.762" endtime="20251117 11:45:29.762"/>
</kw>
<status status="PASS" starttime="20251117 11:45:29.761" endtime="20251117 11:45:29.762"/>
</kw>
<kw name="Output Should Contain" library="AppLibrary">
<arg>Password is too short</arg>
<status status="PASS" starttime="20251117 11:45:29.762" endtime="20251117 11:45:29.762"/>
</kw>
<status status="PASS" starttime="20251117 11:45:29.761" endtime="20251117 11:45:29.762"/>
</test>
<test id="s1-s2-t6" name="Register With Valid Username And Long Enough Password Containing Only Letters" line="32">
<kw name="Input Credentials" library="resource">
<arg>kalle</arg>
<arg>tyjgelkge</arg>
<kw name="Input" library="AppLibrary">
<arg>${username}</arg>
<status status="PASS" starttime="20251117 11:45:29.762" endtime="20251117 11:45:29.762"/>
</kw>
<kw name="Input" library="AppLibrary">
<arg>${password}</arg>
<status status="PASS" starttime="20251117 11:45:29.762" endtime="20251117 11:45:29.762"/>
</kw>
<kw name="Run Application" library="AppLibrary">
<status status="PASS" starttime="20251117 11:45:29.762" endtime="20251117 11:45:29.762"/>
</kw>
<status status="PASS" starttime="20251117 11:45:29.762" endtime="20251117 11:45:29.762"/>
</kw>
<kw name="Output Should Contain" library="AppLibrary">
<arg>Password needs to include numbers</arg>
<status status="PASS" starttime="20251117 11:45:29.762" endtime="20251117 11:45:29.762"/>
</kw>
<status status="PASS" starttime="20251117 11:45:29.762" endtime="20251117 11:45:29.762"/>
</test>
<status status="PASS" starttime="20251117 11:45:29.757" endtime="20251117 11:45:29.763"/>
</suite>
<status status="PASS" starttime="20251117 11:45:29.741" endtime="20251117 11:45:29.763"/>
</suite>
<statistics>
<total>
<stat pass="9" fail="0" skip="0">All Tests</stat>
</total>
<tag>
</tag>
<suite>
<stat pass="9" fail="0" skip="0" id="s1" name="Tests">Tests</stat>
<stat pass="3" fail="0" skip="0" id="s1-s1" name="Login">Tests.Login</stat>
<stat pass="6" fail="0" skip="0" id="s1-s2" name="Register">Tests.Register</stat>
</suite>
</statistics>
<errors>
<msg timestamp="20251117 11:45:29.738" level="ERROR">Error in file '/home/aliisa/Courses/teka3003_ohjelmistotuotanto/ohtupalautus/osa3/login-robot/src/tests/register.robot' on line 3: Non-existing setting 'Test Setup Register Setup'.</msg>
</errors>
</robot>
