<?xml version="1.0" encoding="UTF-8"?>
<robot generator="Robot 6.1.1 (Python 3.13.5 on linux)" generated="20251116 21:50:41.050" rpa="false" schemaversion="4">
<suite id="s1" name="Tests" source="/home/aliisa/Courses/teka3003_ohjelmistotuotanto/ohtupalautus/osa3/login-robot/src/tests">
<suite id="s1-s1" name="Login" source="/home/aliisa/Courses/teka3003_ohjelmistotuotanto/ohtupalautus/osa3/login-robot/src/tests/login.robot">
<test id="s1-s1-t1" name="Login With Correct Credentials" line="6">
<kw name="Create User And Input Login Command" type="SETUP">
<kw name="Create User" library="AppLibrary">
<arg>kalle</arg>
<arg>kalle123</arg>
<status status="PASS" starttime="20251116 21:50:41.065" endtime="20251116 21:50:41.065"/>
</kw>
<kw name="Input Login Command" library="resource">
<kw name="Input" library="AppLibrary">
<arg>login</arg>
<status status="PASS" starttime="20251116 21:50:41.065" endtime="20251116 21:50:41.066"/>
</kw>
<status status="PASS" starttime="20251116 21:50:41.065" endtime="20251116 21:50:41.066"/>
</kw>
<status status="PASS" starttime="20251116 21:50:41.065" endtime="20251116 21:50:41.066"/>
</kw>
<kw name="Input Credentials" library="resource">
<arg>kalle</arg>
<arg>kalle123</arg>
<kw name="Input" library="AppLibrary">
<arg>${username}</arg>
<status status="PASS" starttime="20251116 21:50:41.066" endtime="20251116 21:50:41.066"/>
</kw>
<kw name="Input" library="AppLibrary">
<arg>${password}</arg>
<status status="PASS" starttime="20251116 21:50:41.066" endtime="20251116 21:50:41.066"/>
</kw>
<kw name="Run Application" library="AppLibrary">
<status status="PASS" starttime="20251116 21:50:41.066" endtime="20251116 21:50:41.066"/>
</kw>
<status status="PASS" starttime="20251116 21:50:41.066" endtime="20251116 21:50:41.066"/>
</kw>
<kw name="Output Should Contain" library="AppLibrary">
<arg>Logged in</arg>
<status status="PASS" starttime="20251116 21:50:41.066" endtime="20251116 21:50:41.066"/>
</kw>
<status status="PASS" starttime="20251116 21:50:41.065" endtime="20251116 21:50:41.066"/>
</test>
<test id="s1-s1-t2" name="Login With Incorrect Password" line="10">
<kw name="Create User And Input Login Command" type="SETUP">
<kw name="Create User" library="AppLibrary">
<arg>kalle</arg>
<arg>kalle123</arg>
<status status="PASS" starttime="20251116 21:50:41.066" endtime="20251116 21:50:41.066"/>
</kw>
<kw name="Input Login Command" library="resource">
<kw name="Input" library="AppLibrary">
<arg>login</arg>
<status status="PASS" starttime="20251116 21:50:41.067" endtime="20251116 21:50:41.067"/>
</kw>
<status status="PASS" starttime="20251116 21:50:41.066" endtime="20251116 21:50:41.067"/>
</kw>
<status status="PASS" starttime="20251116 21:50:41.066" endtime="20251116 21:50:41.067"/>
</kw>
<kw name="Input Credentials" library="resource">
<arg>kalle</arg>
<arg>kalle</arg>
<kw name="Input" library="AppLibrary">
<arg>${username}</arg>
<status status="PASS" starttime="20251116 21:50:41.067" endtime="20251116 21:50:41.067"/>
</kw>
<kw name="Input" library="AppLibrary">
<arg>${password}</arg>
<status status="PASS" starttime="20251116 21:50:41.067" endtime="20251116 21:50:41.067"/>
</kw>
<kw name="Run Application" library="AppLibrary">
<status status="PASS" starttime="20251116 21:50:41.067" endtime="20251116 21:50:41.067"/>
</kw>
<status status="PASS" starttime="20251116 21:50:41.067" endtime="20251116 21:50:41.067"/>
</kw>
<kw name="Output Should Contain" library="AppLibrary">
<arg>Invalid username or password</arg>
<status status="PASS" starttime="20251116 21:50:41.067" endtime="20251116 21:50:41.067"/>
</kw>
<status status="PASS" starttime="20251116 21:50:41.066" endtime="20251116 21:50:41.067"/>
</test>
<test id="s1-s1-t3" name="Login With Nonexistent Username" line="14">
<kw name="Create User And Input Login Command" type="SETUP">
<kw name="Create User" library="AppLibrary">
<arg>kalle</arg>
<arg>kalle123</arg>
<status status="PASS" starttime="20251116 21:50:41.067" endtime="20251116 21:50:41.067"/>
</kw>
<kw name="Input Login Command" library="resource">
<kw name="Input" library="AppLibrary">
<arg>login</arg>
<status status="PASS" starttime="20251116 21:50:41.067" endtime="20251116 21:50:41.067"/>
</kw>
<status status="PASS" starttime="20251116 21:50:41.067" endtime="20251116 21:50:41.068"/>
</kw>
<status status="PASS" starttime="20251116 21:50:41.067" endtime="20251116 21:50:41.068"/>
</kw>
<kw name="Input Credentials" library="resource">
<arg>testi</arg>
<arg>test</arg>
<kw name="Input" library="AppLibrary">
<arg>${username}</arg>
<status status="PASS" starttime="20251116 21:50:41.068" endtime="20251116 21:50:41.068"/>
</kw>
<kw name="Input" library="AppLibrary">
<arg>${password}</arg>
<status status="PASS" starttime="20251116 21:50:41.068" endtime="20251116 21:50:41.068"/>
</kw>
<kw name="Run Application" library="AppLibrary">
<status status="PASS" starttime="20251116 21:50:41.068" endtime="20251116 21:50:41.068"/>
</kw>
<status status="PASS" starttime="20251116 21:50:41.068" endtime="20251116 21:50:41.068"/>
</kw>
<kw name="Output Should Contain" library="AppLibrary">
<arg>Invalid username or password</arg>
<status status="PASS" starttime="20251116 21:50:41.068" endtime="20251116 21:50:41.068"/>
</kw>
<status status="PASS" starttime="20251116 21:50:41.067" endtime="20251116 21:50:41.068"/>
</test>
<status status="PASS" starttime="20251116 21:50:41.062" endtime="20251116 21:50:41.068"/>
</suite>
<suite id="s1-s2" name="Register" source="/home/aliisa/Courses/teka3003_ohjelmistotuotanto/ohtupalautus/osa3/login-robot/src/tests/register.robot">
<test id="s1-s2-t1" name="Register With Valid Username And Password" line="10">
<kw name="Input Credentials" library="resource">
<arg>kalle</arg>
<arg>kalle</arg>
<kw name="Input" library="AppLibrary">
<arg>${username}</arg>
<status status="PASS" starttime="20251116 21:50:41.069" endtime="20251116 21:50:41.070"/>
</kw>
<kw name="Input" library="AppLibrary">
<arg>${password}</arg>
<status status="PASS" starttime="20251116 21:50:41.070" endtime="20251116 21:50:41.070"/>
</kw>
<kw name="Run Application" library="AppLibrary">
<status status="PASS" starttime="20251116 21:50:41.070" endtime="20251116 21:50:41.070"/>
</kw>
<status status="PASS" starttime="20251116 21:50:41.069" endtime="20251116 21:50:41.070"/>
</kw>
<kw name="Output Should Contain" library="AppLibrary">
<arg>New user registered</arg>
<status status="PASS" starttime="20251116 21:50:41.070" endtime="20251116 21:50:41.070"/>
</kw>
<status status="PASS" starttime="20251116 21:50:41.069" endtime="20251116 21:50:41.070"/>
</test>
<test id="s1-s2-t2" name="Register With Already Taken Username And Valid Password" line="14">
<kw name="Input Credentials" library="resource">
<arg>kalle</arg>
<arg>kalle</arg>
<kw name="Input" library="AppLibrary">
<arg>${username}</arg>
<status status="PASS" starttime="20251116 21:50:41.070" endtime="20251116 21:50:41.070"/>
</kw>
<kw name="Input" library="AppLibrary">
<arg>${password}</arg>
<status status="PASS" starttime="20251116 21:50:41.070" endtime="20251116 21:50:41.070"/>
</kw>
<kw name="Run Application" library="AppLibrary">
<status status="PASS" starttime="20251116 21:50:41.070" endtime="20251116 21:50:41.070"/>
</kw>
<status status="PASS" starttime="20251116 21:50:41.070" endtime="20251116 21:50:41.070"/>
</kw>
<kw name="Input" library="AppLibrary">
<arg>New Command</arg>
<status status="PASS" starttime="20251116 21:50:41.070" endtime="20251116 21:50:41.070"/>
</kw>
<kw name="Input Credentials" library="resource">
<arg>kalle</arg>
<arg>jgjrlgr</arg>
<kw name="Input" library="AppLibrary">
<arg>${username}</arg>
<status status="PASS" starttime="20251116 21:50:41.070" endtime="20251116 21:50:41.070"/>
</kw>
<kw name="Input" library="AppLibrary">
<arg>${password}</arg>
<status status="PASS" starttime="20251116 21:50:41.070" endtime="20251116 21:50:41.071"/>
</kw>
<kw name="Run Application" library="AppLibrary">
<status status="PASS" starttime="20251116 21:50:41.071" endtime="20251116 21:50:41.071"/>
</kw>
<status status="PASS" starttime="20251116 21:50:41.070" endtime="20251116 21:50:41.071"/>
</kw>
<kw name="Output Should Contain" library="AppLibrary">
<arg>User with username kalle already exists</arg>
<status status="PASS" starttime="20251116 21:50:41.071" endtime="20251116 21:50:41.071"/>
</kw>
<status status="PASS" starttime="20251116 21:50:41.070" endtime="20251116 21:50:41.071"/>
</test>
<status status="PASS" starttime="20251116 21:50:41.068" endtime="20251116 21:50:41.071"/>
</suite>
<status status="PASS" starttime="20251116 21:50:41.050" endtime="20251116 21:50:41.071"/>
</suite>
<statistics>
<total>
<stat pass="5" fail="0" skip="0">All Tests</stat>
</total>
<tag>
</tag>
<suite>
<stat pass="5" fail="0" skip="0" id="s1" name="Tests">Tests</stat>
<stat pass="3" fail="0" skip="0" id="s1-s1" name="Login">Tests.Login</stat>
<stat pass="2" fail="0" skip="0" id="s1-s2" name="Register">Tests.Register</stat>
</suite>
</statistics>
<errors>
<msg timestamp="20251116 21:50:41.048" level="ERROR">Error in file '/home/aliisa/Courses/teka3003_ohjelmistotuotanto/ohtupalautus/osa3/login-robot/src/tests/register.robot' on line 3: Non-existing setting 'Test Setup Register Setup'.</msg>
</errors>
</robot>
